<?xml version="1.0" encoding="UTF-8"?>
<!-- Generated by org.testng.reporters.JUnitXMLReporter -->
<testsuite ignored="0" hostname="LOGI45" failures="0" tests="9" name="DefinicionesSQL" time="54.276" errors="0" timestamp="2021-09-16T14:28:55 ECT">
  <testcase classname="test.LoginTest" name="ingresoCorrectoALogicorba" time="3.339"/>
  <testcase classname="test.HomeTest" name="aplicacionLogiSiExCargada" time="13.867"/>
  <testcase classname="test.SiExHomeTest" name="isContenedorDisplayed" time="3.065"/>
  <testcase classname="test.FiltroTest" name="crearFiltro" time="15.032"/>
  <testcase classname="test.FiltroTest" name="editarFiltro" time="9.952"/>
  <testcase classname="test.FiltroTest" name="verSql" time="3.213"/>
  <testcase classname="test.FiltroTest" name="eliminarFiltro" time="4.132"/>
  <testcase classname="test.FiltroTest" name="exportar" time="1.222"/>
  <testcase classname="test.FiltroTest" name="cerrarPestana" time="0.205"/>
</testsuite> <!-- DefinicionesSQL -->
