<?xml version="1.0" encoding="UTF-8"?>
<!-- Generated by org.testng.reporters.JUnitXMLReporter -->
<testsuite ignored="0" hostname="LOGI45" failures="0" tests="3" name="Test1" time="13.264" errors="0" timestamp="2021-04-14T17:14:19 COT">
  <testcase classname="test.LoginTest" name="ingresoCorrectoALogicorba" time="2.086"/>
  <testcase classname="test.HomeTest" name="aplicacionLogiSiExCargada" time="8.037"/>
  <testcase classname="test.SiExHomeTest" name="isContenedorDisplayed" time="3.109"/>
</testsuite> <!-- Test1 -->
