<?xml version="1.0" encoding="UTF-8"?>
<testng-results ignored="0" total="0" passed="0" failed="0" skipped="0">
  <reporter-output>
  </reporter-output>
  <suite started-at="2021-03-12T17:53:20 ECT" name="Default suite" finished-at="2021-03-12T17:53:21 ECT" duration-ms="430">
    <groups>
      <group name="cucumber">
        <method signature="AbstractTestNGCucumberTests.runScenario(io.cucumber.testng.PickleWrapper,io.cucumber.testng.FeatureWrapper)[pri:0, instance:com.logiciel.cucumber.run.RunLogiFTPCucumber@54e1c68b]" name="runScenario" class="io.cucumber.testng.AbstractTestNGCucumberTests"/>
      </group> <!-- cucumber -->
    </groups>
    <test started-at="2021-03-12T17:53:20 ECT" name="Default test" finished-at="2021-03-12T17:53:21 ECT" duration-ms="430">
      <class name="com.logiciel.cucumber.run.RunLogiFTPCucumber">
        <test-method is-config="true" signature="setUpClass()[pri:0, instance:com.logiciel.cucumber.run.RunLogiFTPCucumber@54e1c68b]" started-at="2021-03-12T17:53:20 ECT" name="setUpClass" finished-at="2021-03-12T17:53:21 ECT" duration-ms="376" status="PASS">
          <reporter-output>
          </reporter-output>
        </test-method> <!-- setUpClass -->
        <test-method is-config="true" signature="tearDownClass()[pri:0, instance:com.logiciel.cucumber.run.RunLogiFTPCucumber@54e1c68b]" started-at="2021-03-12T17:53:21 ECT" name="tearDownClass" finished-at="2021-03-12T17:53:21 ECT" duration-ms="6" status="PASS">
          <reporter-output>
          </reporter-output>
        </test-method> <!-- tearDownClass -->
      </class> <!-- com.logiciel.cucumber.run.RunLogiFTPCucumber -->
    </test> <!-- Default test -->
  </suite> <!-- Default suite -->
</testng-results>
